<?xml version="1.0" encoding="UTF-8"?>
<testng-results ignored="0" total="1" passed="1" failed="0" skipped="0">
  <reporter-output>
    <line>
      <![CDATA[Urban Redevelopment Authority (URA)]]>
    </line>
  </reporter-output>
  <suite started-at="2021-07-21T10:24:50Z" name="Suite" finished-at="2021-07-21T10:25:02Z" duration-ms="11318">
    <groups>
    </groups>
    <test started-at="2021-07-21T10:24:50Z" name="Test" finished-at="2021-07-21T10:25:02Z" duration-ms="11318">
      <class name="com.spms.testcases.LaunchApplication">
        <test-method signature="launchApp()[pri:0, instance:com.spms.testcases.LaunchApplication@3ddc6915]" started-at="2021-07-21T10:24:50Z" name="launchApp" finished-at="2021-07-21T10:25:02Z" duration-ms="11289" status="PASS">
          <reporter-output>
            <line>
              <![CDATA[Urban Redevelopment Authority (URA)]]>
            </line>
          </reporter-output>
        </test-method> <!-- launchApp -->
      </class> <!-- com.spms.testcases.LaunchApplication -->
    </test> <!-- Test -->
  </suite> <!-- Suite -->
</testng-results>
